<?xml version="1.0" encoding="UTF-8"?>
<!-- Generated by org.testng.reporters.JUnitReportReporter -->
<testsuite hostname="MacBook-Pro" failures="0" tests="4" name="com.turotialninja.qa.testcases.Register" time="21.823" errors="0" timestamp="2023-08-28T15:52:21 IST" skipped="0">
  <testcase classname="com.turotialninja.qa.testcases.Register" name="verifyRegisteringAnAccountWithMandatoryFields" time="4.987"/>
  <testcase classname="com.turotialninja.qa.testcases.Register" name="verifyRegisteringAnAccountByProvidingAllFields" time="4.931"/>
  <testcase classname="com.turotialninja.qa.testcases.Register" name="verifyRegisteringAnAccountWithExistingEmail" time="7.429"/>
  <testcase classname="com.turotialninja.qa.testcases.Register" name="verifyRegisteringAnAccountWithoutFillingDetails" time="4.476"/>
</testsuite> <!-- com.turotialninja.qa.testcases.Register -->
