<?xml version="1.0" encoding="UTF-8"?>
<!-- Generated by org.testng.reporters.JUnitReportReporter -->
<testsuite hostname="MacBook-Pro" failures="0" tests="1" name="com.turotialninja.qa.testcases.LoginTest" time="6.117" errors="0" timestamp="2023-09-15T09:18:53 IST" skipped="0">
  <testcase classname="com.turotialninja.qa.testcases.LoginTest" name="verifyLoginwithInvalidLoginCredentials" time="6.117"/>
</testsuite> <!-- com.turotialninja.qa.testcases.LoginTest -->
