<?xml version="1.0" encoding="UTF-8"?>
<!-- Generated by org.testng.reporters.JUnitReportReporter -->
<testsuite hostname="MacBook-Pro" failures="0" tests="4" name="com.turotialninja.qa.testcases.Login" time="15.479" errors="0" timestamp="2023-08-28T15:52:21 IST" skipped="0">
  <testcase classname="com.turotialninja.qa.testcases.Login" name="verifyLoginwithInvalidLoginCredentials" time="4.056"/>
  <testcase classname="com.turotialninja.qa.testcases.Login" name="verifyLoginWithInvalidEmailAndValidPassword" time="3.772"/>
  <testcase classname="com.turotialninja.qa.testcases.Login" name="verifyLoginWithValidEmailAndInvalidPassword" time="3.981"/>
  <testcase classname="com.turotialninja.qa.testcases.Login" name="verifyLoginWithOutProvidingCredentials" time="3.670"/>
</testsuite> <!-- com.turotialninja.qa.testcases.Login -->
