<?xml version="1.0" encoding="UTF-8"?>
<!-- Generated by org.testng.reporters.JUnitReportReporter -->
<testsuite hostname="MacBook-Pro" failures="0" tests="3" name="com.turotialninja.qa.testcases.SearchTest" time="20.275" errors="0" timestamp="2023-09-04T23:22:13 IST" skipped="0">
  <testcase classname="com.turotialninja.qa.testcases.SearchTest" name="verifySearchWithValidProduct" time="10.064"/>
  <testcase classname="com.turotialninja.qa.testcases.SearchTest" name="veifySearchWithInvalidProduct" time="3.468"/>
  <testcase classname="com.turotialninja.qa.testcases.SearchTest" name="verifySearchWithoutAnyProduct" time="6.743"/>
</testsuite> <!-- com.turotialninja.qa.testcases.SearchTest -->
