<?xml version="1.0" encoding="UTF-8"?>
<!-- Generated by org.testng.reporters.JUnitReportReporter -->
<testsuite hostname="MacBook-Pro" failures="0" tests="7" name="com.turotialninja.qa.testcases.LoginTest" time="41.650" errors="0" timestamp="2023-09-04T23:22:13 IST" skipped="0">
  <testcase classname="com.turotialninja.qa.testcases.LoginTest" name="verifyLoginwithInvalidLoginCredentials" time="4.143"/>
  <testcase classname="com.turotialninja.qa.testcases.LoginTest" name="verifyLoginWithInvalidEmailAndValidPassword" time="4.435"/>
  <testcase classname="com.turotialninja.qa.testcases.LoginTest" name="verifyLoginWithValidEmailAndInvalidPassword" time="11.038"/>
  <testcase classname="com.turotialninja.qa.testcases.LoginTest" name="verifyLoginWithOutProvidingCredentials" time="4.650"/>
  <testcase classname="com.turotialninja.qa.testcases.LoginTest" name="verifyLoginwithValidCredentials" time="4.508"/>
  <testcase classname="com.turotialninja.qa.testcases.LoginTest" name="verifyLoginwithValidCredentials" time="5.377"/>
  <testcase classname="com.turotialninja.qa.testcases.LoginTest" name="verifyLoginwithValidCredentials" time="7.499"/>
</testsuite> <!-- com.turotialninja.qa.testcases.LoginTest -->
