<?xml version="1.0" encoding="UTF-8"?>
<!-- Generated by org.testng.reporters.JUnitReportReporter -->
<testsuite hostname="MacBook-Pro" failures="0" tests="4" name="com.turotialninja.qa.testcases.RegisterTest" time="52.222" errors="0" timestamp="2023-09-05T19:57:29 IST" skipped="0">
  <testcase classname="com.turotialninja.qa.testcases.RegisterTest" name="verifyRegisteringAnAccountWithMandatoryFields" time="10.352"/>
  <testcase classname="com.turotialninja.qa.testcases.RegisterTest" name="verifyRegisteringAnAccountByProvidingAllFields" time="20.649"/>
  <testcase classname="com.turotialninja.qa.testcases.RegisterTest" name="verifyRegisteringAnAccountWithExistingEmail" time="9.861"/>
  <testcase classname="com.turotialninja.qa.testcases.RegisterTest" name="verifyRegisteringAnAccountWithoutFillingDetails" time="11.360"/>
</testsuite> <!-- com.turotialninja.qa.testcases.RegisterTest -->
