<?xml version="1.0" encoding="UTF-8"?>
<!-- Generated by org.testng.reporters.JUnitReportReporter -->
<testsuite hostname="MacBook-Pro" failures="0" tests="4" name="com.turotialninja.qa.testcases.RegisterTest" time="30.764" errors="0" timestamp="2023-09-09T08:06:17 IST" skipped="0">
  <testcase classname="com.turotialninja.qa.testcases.RegisterTest" name="verifyRegisteringAnAccountWithMandatoryFields" time="12.465"/>
  <testcase classname="com.turotialninja.qa.testcases.RegisterTest" name="verifyRegisteringAnAccountByProvidingAllFields" time="5.508"/>
  <testcase classname="com.turotialninja.qa.testcases.RegisterTest" name="verifyRegisteringAnAccountWithExistingEmail" time="5.992"/>
  <testcase classname="com.turotialninja.qa.testcases.RegisterTest" name="verifyRegisteringAnAccountWithoutFillingDetails" time="6.799"/>
</testsuite> <!-- com.turotialninja.qa.testcases.RegisterTest -->
