<?xml version="1.0" encoding="UTF-8"?>
<!-- Generated by org.testng.reporters.JUnitReportReporter -->
<testsuite hostname="MacBook-Pro" failures="0" tests="4" name="com.turotialninja.qa.testcases.RegisterTest" time="23.025" errors="0" timestamp="2023-09-04T23:22:13 IST" skipped="0">
  <testcase classname="com.turotialninja.qa.testcases.RegisterTest" name="verifyRegisteringAnAccountWithMandatoryFields" time="4.618"/>
  <testcase classname="com.turotialninja.qa.testcases.RegisterTest" name="verifyRegisteringAnAccountByProvidingAllFields" time="7.872"/>
  <testcase classname="com.turotialninja.qa.testcases.RegisterTest" name="verifyRegisteringAnAccountWithExistingEmail" time="4.456"/>
  <testcase classname="com.turotialninja.qa.testcases.RegisterTest" name="verifyRegisteringAnAccountWithoutFillingDetails" time="6.079"/>
</testsuite> <!-- com.turotialninja.qa.testcases.RegisterTest -->
